<?xml version="1.0" encoding="utf-8"?><testsuites name="pytest tests"><testsuite name="pytest" errors="0" failures="0" skipped="0" tests="6" time="2.827" timestamp="2026-08-08T19:59:58.029322+00:00" hostname="agent-env-6ebab436-20bc-4fc9-96cc-336bf0712fbf"><testcase classname="tests.test_auth_cookies_regression" name="test_login_sets_secure_samesite_none_cookies" time="0.422" /><testcase classname="tests.test_auth_cookies_regression" name="test_me_with_cookies_after_login" time="0.396" /><testcase classname="tests.test_auth_cookies_regression" name="test_refresh_endpoint_with_refresh_cookie" time="0.465" /><testcase classname="tests.test_auth_cookies_regression" name="test_refresh_without_cookie_returns_401" time="0.166" /><testcase classname="tests.test_auth_cookies_regression" name="test_register_sets_cookies_and_me_works" time="0.413" /><testcase classname="tests.test_auth_cookies_regression" name="test_logout_clears_and_me_401" time="0.463" /></testsuite></testsuites>