<?xml version="1.0" encoding="utf-8"?><testsuites name="pytest tests"><testsuite name="pytest" errors="0" failures="0" skipped="0" tests="12" time="3.457" timestamp="2026-08-08T10:49:15.309042+00:00" hostname="agent-env-6ebab436-20bc-4fc9-96cc-336bf0712fbf"><testcase classname="tests.backend_test.TestAuth" name="test_me_admin" time="0.915" /><testcase classname="tests.backend_test.TestPosts" name="test_prayer_flow" time="1.700" /><testcase classname="tests.backend_test.TestAuth" name="test_login_wrong_password" time="0.696" /><testcase classname="tests.backend_test.TestAuth" name="test_unauthenticated_me" time="0.136" /><testcase classname="tests.backend_test.TestPosts" name="test_testimony_flow" time="0.370" /><testcase classname="tests.backend_test.TestAccessControl" name="test_member_cant_access_admin" time="0.366" /><testcase classname="tests.backend_test.TestEvents" name="test_admin_create_event" time="0.143" /><testcase classname="tests.backend_test.TestAccessControl" name="test_admin_stats" time="0.046" /><testcase classname="tests.backend_test.TestContributions" name="test_contribution_flow" time="0.241" /><testcase classname="tests.backend_test.TestEvents" name="test_suggestion_flow" time="0.215" /><testcase classname="tests.backend_test.TestLogout" name="test_logout_clears_cookie" time="0.522" /><testcase classname="tests.backend_test.TestChurchInfo" name="test_update_church_info" time="0.294" /></testsuite></testsuites>